<?xml version="1.0" encoding="UTF-8"?>
<testsuite xmlns:xsi="http://www.w3.org/2001/XMLSchema-instance" xsi:noNamespaceSchemaLocation="https://maven.apache.org/surefire/maven-surefire-plugin/xsd/surefire-test-report-3.0.xsd" version="3.0" name="ca.algonquin.cst8288.dao.DAOFactoryTest" time="0.012" tests="3" errors="0" skipped="0" failures="0">
  <properties>
[...]
</properties>
  <testcase name="getVehicleDAO_shouldReturnNonNullVehicleDAO" classname="ca.algonquin.cst8288.dao.DAOFactoryTest" time="0.004"/>
  <testcase name="getInstance_shouldReturnSingletonInstance" classname="ca.algonquin.cst8288.dao.DAOFactoryTest" time="0.002"/>
  <testcase name="getUserDAO_shouldReturnNonNullUserDAO" classname="ca.algonquin.cst8288.dao.DAOFactoryTest" time="0.002"/>
</testsuite>